<?xml version="1.0" encoding="UTF-8"?>
<!-- Generated by org.testng.reporters.JUnitXMLReporter -->
<testsuite hostname="DESKTOP-CPVMOC0" ignored="1" name="Default test" tests="2" failures="0" timestamp="15 Jun 2018 14:07:06 GMT" time="35.584" errors="0">
  <testcase name="a" time="8.228" classname="testngWorks.TestNG_One"/>
  <testcase name="a" time="4.718" classname="testngWorks.TestNG_One"/>
  <testcase name="b" time="0.0" classname="testngWorks.TestNG_One">
    <ignored/>
  </testcase> <!-- b -->
</testsuite> <!-- Default test -->
