<?xml version="1.0" encoding="UTF-8"?>
<testng-results skipped="0" failed="0" ignored="0" total="1" passed="1">
  <reporter-output>
  </reporter-output>
  <suite name="Default suite" duration-ms="3196" started-at="2018-06-17T12:12:48Z" finished-at="2018-06-17T12:12:51Z">
    <groups>
    </groups>
    <test name="Default test" duration-ms="3196" started-at="2018-06-17T12:12:48Z" finished-at="2018-06-17T12:12:51Z">
      <class name="sikuliWorks.SikuliAutomationPicCompare">
        <test-method status="PASS" signature="toTest()[pri:0, instance:sikuliWorks.SikuliAutomationPicCompare@3bfdc050]" name="toTest" duration-ms="3136" started-at="2018-06-17T12:12:48Z" finished-at="2018-06-17T12:12:51Z">
          <reporter-output>
          </reporter-output>
        </test-method> <!-- toTest -->
      </class> <!-- sikuliWorks.SikuliAutomationPicCompare -->
    </test> <!-- Default test -->
  </suite> <!-- Default suite -->
</testng-results>
