<?xml version="1.0" encoding="UTF-8"?>
<!-- Generated by org.testng.reporters.JUnitXMLReporter -->
<testsuite hostname="DESKTOP-CPVMOC0" ignored="2" name="Test" tests="3" failures="0" timestamp="15 Jun 2018 11:01:45 GMT" time="21.544" errors="0">
  <testcase name="a" time="3.901" classname="testngWorks.TestNG_Two"/>
  <testcase name="a" time="5.214" classname="testngWorks.TestNG_One"/>
  <testcase name="a" time="5.187" classname="testngWorks.TestNG_One"/>
  <testcase name="b" time="0.0" classname="testngWorks.TestNG_One">
    <ignored/>
  </testcase> <!-- b -->
  <testcase name="b" time="0.0" classname="testngWorks.TestNG_Two">
    <ignored/>
  </testcase> <!-- b -->
</testsuite> <!-- Test -->
